<?xml version="1.0" encoding="UTF-8"?>
<!-- Generated by org.testng.reporters.JUnitXMLReporter -->
<testsuite ignored="0" hostname="emb-ban-606" failures="0" tests="3" name="Test" time="41.576" errors="0" timestamp="2021-12-24T08:27:48 IST">
  <testcase classname="scripts.Demo" name="testA" time="0.604"/>
  <testcase classname="scripts.InvalidLogin" name="testInvalidLogin" time="1.654"/>
  <testcase classname="scripts.ValidLogin" name="testValidLogin" time="5.278"/>
</testsuite> <!-- Test -->
