<?xml version="1.0" encoding="UTF-8"?>
<testng-results ignored="0" total="3" passed="3" failed="0" skipped="0">
  <reporter-output>
    <line>
      <![CDATA[Setting ETO:8]]>
    </line>
    <line>
      <![CDATA[XL Data:]]>
    </line>
    <line>
      <![CDATA[Demo test]]>
    </line>
    <line>
      <![CDATA[Closing the Browser]]>
    </line>
    <line>
      <![CDATA[Setting ETO:8]]>
    </line>
    <line>
      <![CDATA[Closing the Browser]]>
    </line>
    <line>
      <![CDATA[Setting ETO:8]]>
    </line>
    <line>
      <![CDATA[Closing the Browser]]>
    </line>
  </reporter-output>
  <suite started-at="2021-12-24T08:27:06 IST" name="Suite" finished-at="2021-12-24T08:27:48 IST" duration-ms="41576">
    <groups>
      <group name="smoke">
        <method signature="ValidLogin.testValidLogin()[pri:1, instance:scripts.ValidLogin@48d5f34e]" name="testValidLogin" class="scripts.ValidLogin"/>
      </group> <!-- smoke -->
      <group name="login">
        <method signature="InvalidLogin.testInvalidLogin()[pri:2, instance:scripts.InvalidLogin@2d1dee39]" name="testInvalidLogin" class="scripts.InvalidLogin"/>
        <method signature="ValidLogin.testValidLogin()[pri:1, instance:scripts.ValidLogin@48d5f34e]" name="testValidLogin" class="scripts.ValidLogin"/>
      </group> <!-- login -->
    </groups>
    <test started-at="2021-12-24T08:27:06 IST" name="Test" finished-at="2021-12-24T08:27:48 IST" duration-ms="41576">
      <class name="scripts.InvalidLogin">
        <test-method is-config="true" signature="openApp()[pri:0, instance:scripts.InvalidLogin@2d1dee39]" started-at="2021-12-24T08:27:18 IST" name="openApp" finished-at="2021-12-24T08:27:31 IST" duration-ms="12369" status="PASS">
          <reporter-output>
            <line>
              <![CDATA[Setting ETO:8]]>
            </line>
          </reporter-output>
        </test-method> <!-- openApp -->
        <test-method signature="testInvalidLogin()[pri:2, instance:scripts.InvalidLogin@2d1dee39]" started-at="2021-12-24T08:27:31 IST" name="testInvalidLogin" finished-at="2021-12-24T08:27:32 IST" duration-ms="1654" status="PASS">
          <reporter-output>
          </reporter-output>
        </test-method> <!-- testInvalidLogin -->
        <test-method is-config="true" signature="closeApp()[pri:0, instance:scripts.InvalidLogin@2d1dee39]" started-at="2021-12-24T08:27:32 IST" name="closeApp" finished-at="2021-12-24T08:27:33 IST" duration-ms="665" status="PASS">
          <reporter-output>
            <line>
              <![CDATA[Closing the Browser]]>
            </line>
          </reporter-output>
        </test-method> <!-- closeApp -->
      </class> <!-- scripts.InvalidLogin -->
      <class name="scripts.Demo">
        <test-method is-config="true" signature="openApp()[pri:0, instance:scripts.Demo@3a3e78f]" started-at="2021-12-24T08:27:06 IST" name="openApp" finished-at="2021-12-24T08:27:17 IST" duration-ms="10684" status="PASS">
          <reporter-output>
            <line>
              <![CDATA[Setting ETO:8]]>
            </line>
          </reporter-output>
        </test-method> <!-- openApp -->
        <test-method signature="testA()[pri:0, instance:scripts.Demo@3a3e78f]" started-at="2021-12-24T08:27:17 IST" name="testA" finished-at="2021-12-24T08:27:18 IST" duration-ms="604" status="PASS">
          <reporter-output>
            <line>
              <![CDATA[XL Data:]]>
            </line>
            <line>
              <![CDATA[Demo test]]>
            </line>
          </reporter-output>
        </test-method> <!-- testA -->
        <test-method is-config="true" signature="closeApp()[pri:0, instance:scripts.Demo@3a3e78f]" started-at="2021-12-24T08:27:18 IST" name="closeApp" finished-at="2021-12-24T08:27:18 IST" duration-ms="656" status="PASS">
          <reporter-output>
            <line>
              <![CDATA[Closing the Browser]]>
            </line>
          </reporter-output>
        </test-method> <!-- closeApp -->
      </class> <!-- scripts.Demo -->
      <class name="scripts.ValidLogin">
        <test-method is-config="true" signature="openApp()[pri:0, instance:scripts.ValidLogin@48d5f34e]" started-at="2021-12-24T08:27:33 IST" name="openApp" finished-at="2021-12-24T08:27:42 IST" duration-ms="8968" status="PASS">
          <reporter-output>
            <line>
              <![CDATA[Setting ETO:8]]>
            </line>
          </reporter-output>
        </test-method> <!-- openApp -->
        <test-method signature="testValidLogin()[pri:1, instance:scripts.ValidLogin@48d5f34e]" started-at="2021-12-24T08:27:42 IST" name="testValidLogin" finished-at="2021-12-24T08:27:47 IST" duration-ms="5278" status="PASS">
          <reporter-output>
          </reporter-output>
        </test-method> <!-- testValidLogin -->
        <test-method is-config="true" signature="closeApp()[pri:0, instance:scripts.ValidLogin@48d5f34e]" started-at="2021-12-24T08:27:47 IST" name="closeApp" finished-at="2021-12-24T08:27:48 IST" duration-ms="655" status="PASS">
          <reporter-output>
            <line>
              <![CDATA[Closing the Browser]]>
            </line>
          </reporter-output>
        </test-method> <!-- closeApp -->
      </class> <!-- scripts.ValidLogin -->
    </test> <!-- Test -->
  </suite> <!-- Suite -->
</testng-results>
