<?xml version="1.0" encoding="UTF-8"?>
<testng-results ignored="0" total="1" passed="1" failed="0" skipped="0">
  <reporter-output>
    <line>
      <![CDATA[XL Data:admin]]>
    </line>
    <line>
      <![CDATA[Demo test]]>
    </line>
  </reporter-output>
  <suite started-at="2021-12-22T19:28:29 IST" name="Default suite" finished-at="2021-12-22T19:28:37 IST" duration-ms="7779">
    <groups>
    </groups>
    <test started-at="2021-12-22T19:28:29 IST" name="Default test" finished-at="2021-12-22T19:28:37 IST" duration-ms="7779">
      <class name="scripts.Demo">
        <test-method is-config="true" signature="openApp()[pri:0, instance:scripts.Demo@180da663]" started-at="2021-12-22T19:28:29 IST" name="openApp" finished-at="2021-12-22T19:28:35 IST" duration-ms="5878" status="PASS">
          <reporter-output>
          </reporter-output>
        </test-method> <!-- openApp -->
        <test-method signature="testA()[pri:0, instance:scripts.Demo@180da663]" started-at="2021-12-22T19:28:35 IST" name="testA" finished-at="2021-12-22T19:28:36 IST" duration-ms="1184" status="PASS">
          <reporter-output>
            <line>
              <![CDATA[XL Data:admin]]>
            </line>
            <line>
              <![CDATA[Demo test]]>
            </line>
          </reporter-output>
        </test-method> <!-- testA -->
        <test-method is-config="true" signature="closeApp()[pri:0, instance:scripts.Demo@180da663]" started-at="2021-12-22T19:28:36 IST" name="closeApp" finished-at="2021-12-22T19:28:37 IST" duration-ms="664" status="PASS">
          <reporter-output>
          </reporter-output>
        </test-method> <!-- closeApp -->
      </class> <!-- scripts.Demo -->
    </test> <!-- Default test -->
  </suite> <!-- Default suite -->
</testng-results>
